[debug] [2024-12-20T15:21:04.813Z] ----------------------------------------------------------------------
[debug] [2024-12-20T15:21:04.891Z] Command:       C:\Program Files\nodejs\node.exe C:\Users\Brando\AppData\Roaming\npm\node_modules\firebase-tools\lib\bin\firebase.js init
[debug] [2024-12-20T15:21:04.900Z] CLI Version:   13.29.1
[debug] [2024-12-20T15:21:04.909Z] Platform:      win32
[debug] [2024-12-20T15:21:04.914Z] Node Version:  v18.20.5
[debug] [2024-12-20T15:21:04.930Z] Time:          Fri Dec 20 2024 10:21:04 GMT-0500 (hora estándar de Colombia)
[debug] [2024-12-20T15:21:04.936Z] ----------------------------------------------------------------------
[debug] 
[debug] [2024-12-20T15:21:07.827Z] > command requires scopes: ["email","openid","https://www.googleapis.com/auth/cloudplatformprojects.readonly","https://www.googleapis.com/auth/firebase","https://www.googleapis.com/auth/cloud-platform"]
[debug] [2024-12-20T15:21:07.836Z] > authorizing via signed-in user (belicarrillo30@gmail.com)
[info] 
     ######## #### ########  ######## ########     ###     ######  ########
     ##        ##  ##     ## ##       ##     ##  ##   ##  ##       ##
     ######    ##  ########  ######   ########  #########  ######  ######
     ##        ##  ##    ##  ##       ##     ## ##     ##       ## ##
     ##       #### ##     ## ######## ########  ##     ##  ######  ########

You're about to initialize a Firebase project in this directory:

  C:\Users\Brando\Desktop\projects\report-novedades

Before we get started, keep in mind:

  * You are initializing within an existing Firebase project directory

[info] 
=== Project Setup
[info] 
[info] First, let's associate this project directory with a Firebase project.
[info] You can create multiple project aliases by running firebase use --add, 
[info] but for now we'll just set up a default project.
[info] 
[debug] [2024-12-20T15:24:42.948Z] Using project from CLI flag: report-novedades
[debug] [2024-12-20T15:24:42.964Z] Checked if tokens are valid: false, expires at: 1734653899696
[debug] [2024-12-20T15:24:42.968Z] Checked if tokens are valid: false, expires at: 1734653899696
[debug] [2024-12-20T15:24:42.972Z] > refreshing access token with scopes: []
[debug] [2024-12-20T15:24:42.996Z] >>> [apiv2][query] POST https://www.googleapis.com/oauth2/v3/token [none]
[debug] [2024-12-20T15:24:42.998Z] >>> [apiv2][body] POST https://www.googleapis.com/oauth2/v3/token [omitted]
[debug] [2024-12-20T15:24:43.893Z] <<< [apiv2][status] POST https://www.googleapis.com/oauth2/v3/token 200
[debug] [2024-12-20T15:24:43.894Z] <<< [apiv2][body] POST https://www.googleapis.com/oauth2/v3/token [omitted]
[debug] [2024-12-20T15:24:43.967Z] >>> [apiv2][query] GET https://firebase.googleapis.com/v1beta1/projects/report-novedades [none]
[debug] [2024-12-20T15:24:44.497Z] <<< [apiv2][status] GET https://firebase.googleapis.com/v1beta1/projects/report-novedades 200
[debug] [2024-12-20T15:24:44.499Z] <<< [apiv2][body] GET https://firebase.googleapis.com/v1beta1/projects/report-novedades {"projectId":"report-novedades","projectNumber":"3455711296","displayName":"report-novedades","name":"projects/report-novedades","resources":{"hostingSite":"report-novedades"},"state":"ACTIVE","etag":"1_d908ee66-f20f-4caf-a675-95097b31cf65"}
[info] i  Using project report-novedades (report-novedades) 
[info] 
=== Hosting Setup
[debug] [2024-12-20T15:24:44.553Z] Checked if tokens are valid: true, expires at: 1734711882897
[debug] [2024-12-20T15:24:44.554Z] Checked if tokens are valid: true, expires at: 1734711882897
[debug] [2024-12-20T15:24:44.556Z] >>> [apiv2][query] GET https://firebase.googleapis.com/v1beta1/projects/report-novedades [none]
[debug] [2024-12-20T15:24:45.062Z] <<< [apiv2][status] GET https://firebase.googleapis.com/v1beta1/projects/report-novedades 200
[debug] [2024-12-20T15:24:45.064Z] <<< [apiv2][body] GET https://firebase.googleapis.com/v1beta1/projects/report-novedades {"projectId":"report-novedades","projectNumber":"3455711296","displayName":"report-novedades","name":"projects/report-novedades","resources":{"hostingSite":"report-novedades"},"state":"ACTIVE","etag":"1_d908ee66-f20f-4caf-a675-95097b31cf65"}
[info] 
[info] Your public directory is the folder (relative to your project directory) that
[info] will contain Hosting assets to be uploaded with firebase deploy. If you
[info] have a build process for your assets, use your build's output directory.
[info] 
